#
# There is insufficient memory for the Java Runtime Environment to continue.
# Native memory allocation (malloc) failed to allocate 284416 bytes for Chunk::new
# Possible reasons:
#   The system is out of physical RAM or swap space
#   The process is running with CompressedOops enabled, and the Java Heap may be blocking the growth of the native heap
# Possible solutions:
#   Reduce memory load on the system
#   Increase physical memory or swap space
#   Check if swap backing store is full
#   Decrease Java heap size (-Xmx/-Xms)
#   Decrease number of Java threads
#   Decrease Java thread stack sizes (-Xss)
#   Set larger code cache with -XX:ReservedCodeCacheSize=
#   JVM is running with Unscaled Compressed Oops mode in which the Java heap is
#     placed in the first 4GB address space. The Java Heap base address is the
#     maximum limit for the native heap growth. Please use -XX:HeapBaseMinAddress
#     to set the Java Heap base and to place the Java Heap above 4GB virtual address.
# This output file may be truncated or incomplete.
#
#  Out of Memory Error (allocation.cpp:389), pid=6996, tid=0x0000000000001f60
#
# JRE version: Java(TM) SE Runtime Environment (8.0_251-b08) (build 1.8.0_251-b08)
# Java VM: Java HotSpot(TM) 64-Bit Server VM (25.251-b08 mixed mode windows-amd64 compressed oops)
# Failed to write core dump. Minidumps are not enabled by default on client versions of Windows
#

---------------  T H R E A D  ---------------

Current thread (0x0000000054d0d800):  JavaThread "C2 CompilerThread1" daemon [_thread_in_native, id=8032, stack(0x00000000569e0000,0x0000000056ae0000)]

Stack: [0x00000000569e0000,0x0000000056ae0000]
[error occurred during error reporting (printing stack bounds), id 0xc0000005]

Native frames: (J=compiled Java code, j=interpreted, Vv=VM code, C=native code)


Current CompileTask:
C2:   5976  937  s    4       sun.misc.URLClassPath::getNextLoader (88 bytes)


---------------  P R O C E S S  ---------------

Java Threads: ( => current thread )
  0x00000000573fc000 JavaThread "ReaderThread" [_thread_in_native, id=5464, stack(0x0000000058890000,0x0000000058990000)]
  0x0000000056383800 JavaThread "Service Thread" daemon [_thread_blocked, id=2184, stack(0x0000000056b70000,0x0000000056c70000)]
  0x0000000054d0f000 JavaThread "C1 CompilerThread2" daemon [_thread_in_native, id=6288, stack(0x00000000568a0000,0x00000000569a0000)]
=>0x0000000054d0d800 JavaThread "C2 CompilerThread1" daemon [_thread_in_native, id=8032, stack(0x00000000569e0000,0x0000000056ae0000)]
  0x0000000054d09000 JavaThread "C2 CompilerThread0" daemon [_thread_blocked, id=10072, stack(0x0000000055d20000,0x0000000055e20000)]
  0x0000000054d05800 JavaThread "Attach Listener" daemon [_thread_blocked, id=7480, stack(0x0000000056770000,0x0000000056870000)]
  0x0000000054d04800 JavaThread "Signal Dispatcher" daemon [_thread_blocked, id=5328, stack(0x0000000056060000,0x0000000056160000)]
  0x0000000054cee000 JavaThread "Finalizer" daemon [_thread_blocked, id=8992, stack(0x00000000561f0000,0x00000000562f0000)]
  0x0000000054ce7000 JavaThread "Reference Handler" daemon [_thread_blocked, id=4700, stack(0x0000000055f50000,0x0000000056050000)]
  0x000000000025e800 JavaThread "main" [_thread_in_Java, id=7600, stack(0x0000000002210000,0x0000000002310000)]

Other Threads:
  0x0000000054c9f800 VMThread [stack: 0x0000000055e20000,0x0000000055f20000] [id=9832]
  0x0000000056388000 WatcherThread [stack: 0x0000000056de0000,0x0000000056ee0000] [id=6572]

VM state:not at safepoint (normal execution)

VM Mutex/Monitor currently owned by a thread:  ([mutex/lock_event])
[0x0000000000259390] CodeCache_lock - owner thread: 0x0000000000000000

heap address: 0x00000000c1600000, size: 1002 MB, Compressed Oops mode: 32-bit
Narrow klass base: 0x0000000000000000, Narrow klass shift: 0
Compressed class space size: 1073741824 Address: 0x0000000014310000

Heap:
 PSYoungGen      total 18944K, used 11196K [0x00000000eb200000, 0x00000000ec700000, 0x0000000100000000)
  eden space 16384K, 52% used [0x00000000eb200000,0x00000000eba71ba0,0x00000000ec200000)
  from space 2560K, 99% used [0x00000000ec200000,0x00000000ec47d798,0x00000000ec480000)
  to   space 2560K, 0% used [0x00000000ec480000,0x00000000ec480000,0x00000000ec700000)
 ParOldGen       total 44032K, used 1031K [0x00000000c1600000, 0x00000000c4100000, 0x00000000eb200000)
  object space 44032K, 2% used [0x00000000c1600000,0x00000000c1701d08,0x00000000c4100000)
 Metaspace       used 9275K, capacity 9862K, committed 10112K, reserved 1058816K
  class space    used 1126K, capacity 1281K, committed 1408K, reserved 1048576K

Card table byte_map: [0x00000000119a0000,0x0000000011ba0000] byte_map_base: 0x0000000011395000

Marking Bits: (ParMarkBitMap*) 0x000000005ef4af90
 Begin Bits: [0x00000000121c0000, 0x0000000013168000)
 End Bits:   [0x0000000013168000, 0x0000000014110000)

Polling page: 0x0000000000100000

CodeCache: size=245760Kb used=3788Kb max_used=3794Kb free=241971Kb
 bounds [0x00000000025e0000, 0x00000000029a0000, 0x00000000115e0000]
 total_blobs=1352 nmethods=1016 adapters=249
 compilation: enabled

Compilation events (10 events):
Event: 5.868 Thread 0x0000000054d0f000 nmethod 975 0x0000000002966850 code [0x0000000002966aa0, 0x0000000002967688]
Event: 5.868 Thread 0x0000000054d0f000  976       3       java.lang.Class::checkMemberAccess (49 bytes)
Event: 5.868 Thread 0x0000000054d0f000 nmethod 976 0x0000000002967ad0 code [0x0000000002967c60, 0x00000000029681b8]
Event: 5.868 Thread 0x0000000054d0f000  980       3       jdk.internal.org.objectweb.asm.MethodWriter::put (1599 bytes)
Event: 5.873 Thread 0x0000000054d0f000 nmethod 980 0x0000000002968350 code [0x0000000002968be0, 0x000000000296c598]
Event: 5.873 Thread 0x0000000054d0f000  979       3       jdk.internal.org.objectweb.asm.MethodWriter::getSize (838 bytes)
Event: 5.876 Thread 0x0000000054d0f000 nmethod 979 0x000000000296ff50 code [0x00000000029703c0, 0x0000000002972788]
Event: 5.876 Thread 0x0000000054d0f000  981       3       java.util.Objects::hash (5 bytes)
Event: 5.876 Thread 0x0000000054d0f000 nmethod 981 0x0000000002976e90 code [0x0000000002977000, 0x0000000002977168]
Event: 5.876 Thread 0x0000000054d0f000  977   !   3       java.util.jar.JarVerifier::processEntry (528 bytes)

GC Heap History (2 events):
Event: 5.410 GC heap before
{Heap before GC invocations=1 (full 0):
 PSYoungGen      total 18944K, used 16368K [0x00000000eb200000, 0x00000000ec700000, 0x0000000100000000)
  eden space 16384K, 99% used [0x00000000eb200000,0x00000000ec1fc178,0x00000000ec200000)
  from space 2560K, 0% used [0x00000000ec480000,0x00000000ec480000,0x00000000ec700000)
  to   space 2560K, 0% used [0x00000000ec200000,0x00000000ec200000,0x00000000ec480000)
 ParOldGen       total 44032K, used 0K [0x00000000c1600000, 0x00000000c4100000, 0x00000000eb200000)
  object space 44032K, 0% used [0x00000000c1600000,0x00000000c1600000,0x00000000c4100000)
 Metaspace       used 7793K, capacity 8130K, committed 8320K, reserved 1056768K
  class space    used 901K, capacity 1025K, committed 1152K, reserved 1048576K
Event: 5.415 GC heap after
Heap after GC invocations=1 (full 0):
 PSYoungGen      total 18944K, used 2549K [0x00000000eb200000, 0x00000000ec700000, 0x0000000100000000)
  eden space 16384K, 0% used [0x00000000eb200000,0x00000000eb200000,0x00000000ec200000)
  from space 2560K, 99% used [0x00000000ec200000,0x00000000ec47d798,0x00000000ec480000)
  to   space 2560K, 0% used [0x00000000ec480000,0x00000000ec480000,0x00000000ec700000)
 ParOldGen       total 44032K, used 1031K [0x00000000c1600000, 0x00000000c4100000, 0x00000000eb200000)
  object space 44032K, 2% used [0x00000000c1600000,0x00000000c1701d08,0x00000000c4100000)
 Metaspace       used 7793K, capacity 8130K, committed 8320K, reserved 1056768K
  class space    used 901K, capacity 1025K, committed 1152K, reserved 1048576K
}

Deoptimization events (6 events):
Event: 5.402 Thread 0x000000000025e800 Uncommon trap: reason=unstable_if action=reinterpret pc=0x000000000282a644 method=java.util.HashMap.putVal(ILjava/lang/Object;Ljava/lang/Object;ZZ)Ljava/lang/Object; @ 181
Event: 5.426 Thread 0x000000000025e800 Uncommon trap: reason=unstable_if action=reinterpret pc=0x000000000286cd68 method=java.util.HashMap.getNode(ILjava/lang/Object;)Ljava/util/HashMap$Node; @ 62
Event: 5.435 Thread 0x000000000025e800 Uncommon trap: reason=unstable_if action=reinterpret pc=0x000000000285b524 method=java.lang.ref.SoftReference.get()Ljava/lang/Object; @ 17
Event: 5.436 Thread 0x000000000025e800 Uncommon trap: reason=unstable_if action=reinterpret pc=0x0000000002899408 method=java.lang.ref.SoftReference.get()Ljava/lang/Object; @ 17
Event: 5.443 Thread 0x000000000025e800 Uncommon trap: reason=unstable_if action=reinterpret pc=0x00000000028b12a4 method=java.util.HashMap.getNode(ILjava/lang/Object;)Ljava/util/HashMap$Node; @ 129
Event: 5.845 Thread 0x000000000025e800 Uncommon trap: reason=unstable_if action=reinterpret pc=0x000000000292dd80 method=jdk.internal.org.objectweb.asm.Type.getArgumentsAndReturnSizes(Ljava/lang/String;)I @ 47

Classes redefined (0 events):
No events

Internal exceptions (10 events):
Event: 4.769 Thread 0x000000000025e800 Exception <a 'java/security/PrivilegedActionException'> (0x00000000eb97b8f0) thrown at [C:\jenkins\workspace\8-2-build-windows-amd64-cygwin\jdk8u251\737\hotspot\src\share\vm\prims\jvm.cpp, line 1502]
Event: 5.240 Thread 0x000000000025e800 Exception <a 'java/lang/NoSuchMethodError': java.lang.Object.lambda$or$2(Ljava/util/function/Predicate;Ljava/lang/Object;)Z> (0x00000000ec060e08) thrown at [C:\jenkins\workspace\8-2-build-windows-amd64-cygwin\jdk8u251\737\hotspot\src\share\vm\interpreter\
Event: 5.338 Thread 0x000000000025e800 Exception <a 'java/lang/IncompatibleClassChangeError': Found class java.lang.Object, but interface was expected> (0x00000000ec118d40) thrown at [C:\jenkins\workspace\8-2-build-windows-amd64-cygwin\jdk8u251\737\hotspot\src\share\vm\interpreter\linkResolver
Event: 5.487 Thread 0x000000000025e800 Exception <a 'java/lang/NoSuchMethodError': java.lang.Object.lambda$andThen$1(Ljava/util/function/Function;Ljava/lang/Object;)Ljava/lang/Object;> (0x00000000eb417a00) thrown at [C:\jenkins\workspace\8-2-build-windows-amd64-cygwin\jdk8u251\737\hotspot\src\
Event: 5.524 Thread 0x000000000025e800 Exception <a 'java/lang/IncompatibleClassChangeError': Found class java.lang.Object, but interface was expected> (0x00000000eb5327b8) thrown at [C:\jenkins\workspace\8-2-build-windows-amd64-cygwin\jdk8u251\737\hotspot\src\share\vm\interpreter\linkResolver
Event: 5.526 Thread 0x000000000025e800 Exception <a 'java/lang/NoSuchMethodError': java.lang.Object.lambda$ofVoidMethod$0(Lorg/junit/jupiter/engine/execution/ExecutableInvoker$ReflectiveInterceptorCall$VoidMethodInterceptorCall;Lorg/junit/jupiter/api/extension/InvocationInterceptor;Lorg/junit/
Event: 5.536 Thread 0x000000000025e800 Exception <a 'java/lang/IncompatibleClassChangeError': Found class java.lang.Object, but interface was expected> (0x00000000eb577de8) thrown at [C:\jenkins\workspace\8-2-build-windows-amd64-cygwin\jdk8u251\737\hotspot\src\share\vm\interpreter\linkResolver
Event: 5.537 Thread 0x000000000025e800 Exception <a 'java/lang/NoSuchMethodError': java.lang.Object.lambda$accept$0(Lorg/junit/platform/engine/TestDescriptor$Visitor;Lorg/junit/platform/engine/TestDescriptor;)V> (0x00000000eb57bf80) thrown at [C:\jenkins\workspace\8-2-build-windows-amd64-cygwi
Event: 5.544 Thread 0x000000000025e800 Exception <a 'java/lang/NoSuchMethodError': java.lang.Object.containsTests(Lorg/junit/platform/engine/TestDescriptor;)Z> (0x00000000eb5acf80) thrown at [C:\jenkins\workspace\8-2-build-windows-amd64-cygwin\jdk8u251\737\hotspot\src\share\vm\interpreter\link
Event: 5.868 Thread 0x000000000025e800 Exception <a 'java/lang/IncompatibleClassChangeError': Found class java.lang.Object, but interface was expected> (0x00000000eb960e20) thrown at [C:\jenkins\workspace\8-2-build-windows-amd64-cygwin\jdk8u251\737\hotspot\src\share\vm\interpreter\linkResolver

Events (10 events):
Event: 5.876 loading class org/junit/platform/launcher/TestExecutionListener
Event: 5.876 loading class org/junit/platform/launcher/TestExecutionListener done
Event: 5.876 loading class org/junit/platform/launcher/TestPlan
Event: 5.876 loading class org/junit/platform/launcher/TestPlan done
Event: 5.876 loading class org/junit/platform/launcher/TestPlan
Event: 5.876 loading class org/junit/platform/launcher/TestPlan done
Event: 5.876 loading class org/junit/platform/launcher/TestPlan
Event: 5.876 loading class org/junit/platform/launcher/TestPlan done
Event: 5.877 loading class org/junit/platform/launcher/TestExecutionListener
Event: 5.877 loading class org/junit/platform/launcher/TestExecutionListener done


Dynamic libraries:
0x000000013f210000 - 0x000000013f247000 	E:\Program files\Java\jdk1.8.0_251\bin\javaw.exe
0x0000000077b90000 - 0x0000000077d39000 	C:\Windows\SYSTEM32\ntdll.dll
0x0000000077970000 - 0x0000000077a8f000 	C:\Windows\system32\kernel32.dll
0x000007fefde40000 - 0x000007fefdeab000 	C:\Windows\system32\KERNELBASE.dll
0x000007feff890000 - 0x000007feff96b000 	C:\Windows\system32\ADVAPI32.dll
0x000007feff970000 - 0x000007feffa0f000 	C:\Windows\system32\msvcrt.dll
0x000007feff7d0000 - 0x000007feff7ef000 	C:\Windows\SYSTEM32\sechost.dll
0x000007feff5c0000 - 0x000007feff6ed000 	C:\Windows\system32\RPCRT4.dll
0x0000000077a90000 - 0x0000000077b8a000 	C:\Windows\system32\USER32.dll
0x000007feff550000 - 0x000007feff5b7000 	C:\Windows\system32\GDI32.dll
0x000007feffa10000 - 0x000007feffa1e000 	C:\Windows\system32\LPK.dll
0x000007feff160000 - 0x000007feff229000 	C:\Windows\system32\USP10.dll
0x000007fefc350000 - 0x000007fefc544000 	C:\Windows\WinSxS\amd64_microsoft.windows.common-controls_6595b64144ccf1df_6.0.7601.17514_none_fa396087175ac9ac\COMCTL32.dll
0x000007feff6f0000 - 0x000007feff761000 	C:\Windows\system32\SHLWAPI.dll
0x000007feffd90000 - 0x000007feffdbe000 	C:\Windows\system32\IMM32.DLL
0x000007feffc80000 - 0x000007feffd89000 	C:\Windows\system32\MSCTF.dll
0x0000000062f10000 - 0x0000000062fe2000 	E:\Program files\Java\jdk1.8.0_251\jre\bin\msvcr100.dll
0x000000005e720000 - 0x000000005efcb000 	E:\Program files\Java\jdk1.8.0_251\jre\bin\server\jvm.dll
0x000007fef3820000 - 0x000007fef3829000 	C:\Windows\system32\WSOCK32.dll
0x000007feff430000 - 0x000007feff47d000 	C:\Windows\system32\WS2_32.dll
0x000007feff520000 - 0x000007feff528000 	C:\Windows\system32\NSI.dll
0x000007fefc840000 - 0x000007fefc87b000 	C:\Windows\system32\WINMM.dll
0x000007fefcc40000 - 0x000007fefcc4c000 	C:\Windows\system32\VERSION.dll
0x0000000077d60000 - 0x0000000077d67000 	C:\Windows\system32\PSAPI.DLL
0x000007fefc330000 - 0x000007fefc33f000 	E:\Program files\Java\jdk1.8.0_251\jre\bin\verify.dll
0x000007fefad00000 - 0x000007fefad29000 	E:\Program files\Java\jdk1.8.0_251\jre\bin\java.dll
0x000007fef38d0000 - 0x000007fef38e6000 	E:\Program files\Java\jdk1.8.0_251\jre\bin\zip.dll
0x000007fefe1f0000 - 0x000007fefef78000 	C:\Windows\system32\SHELL32.dll
0x000007fefdfe0000 - 0x000007fefe1e3000 	C:\Windows\system32\ole32.dll
0x000007fefdae0000 - 0x000007fefdaef000 	C:\Windows\system32\profapi.dll
0x000007fef3940000 - 0x000007fef395a000 	E:\Program files\Java\jdk1.8.0_251\jre\bin\net.dll
0x000007fefd310000 - 0x000007fefd365000 	C:\Windows\system32\mswsock.dll
0x000007fefd300000 - 0x000007fefd307000 	C:\Windows\System32\wship6.dll

VM Arguments:
jvm_args: -ea -Dfile.encoding=Cp1252 
java_command: org.eclipse.jdt.internal.junit.runner.RemoteTestRunner -version 3 -port 5171 -testLoaderClass org.eclipse.jdt.internal.junit5.runner.JUnit5TestLoader -loaderpluginname org.eclipse.jdt.junit5.runtime -classNames com.bookstore.entity.ClcTest
java_class_path (initial): E:\BookStore\target\test-classes;E:\BookStore\target\classes;C:\Users\AMROO\.p2\pool\plugins\org.junit.jupiter.api_5.6.0.v20200203-2009.jar;C:\Users\AMROO\.p2\pool\plugins\org.junit.jupiter.engine_5.6.0.v20200203-2009.jar;C:\Users\AMROO\.p2\pool\plugins\org.junit.jupiter.migrationsupport_5.6.0.v20200203-2009.jar;C:\Users\AMROO\.p2\pool\plugins\org.junit.jupiter.params_5.6.0.v20200203-2009.jar;C:\Users\AMROO\.p2\pool\plugins\org.junit.platform.commons_1.6.0.v20200203-2009.jar;C:\Users\AMROO\.p2\pool\plugins\org.junit.platform.engine_1.6.0.v20200203-2009.jar;C:\Users\AMROO\.p2\pool\plugins\org.junit.platform.launcher_1.6.0.v20200203-2009.jar;C:\Users\AMROO\.p2\pool\plugins\org.junit.platform.runner_1.6.0.v20200203-2009.jar;C:\Users\AMROO\.p2\pool\plugins\org.junit.platform.suite.api_1.6.0.v20200203-2009.jar;C:\Users\AMROO\.p2\pool\plugins\org.junit.vintage.engine_5.6.0.v20200203-2009.jar;C:\Users\AMROO\.p2\pool\plugins\org.opentest4j_1.2.0.v20190826-0900.jar;C:\Users\AMROO\.p2\pool\plugins\org.apiguardian_1.1.0.v20190826-0900.jar;C:\Users\AMROO\.p2\pool\plugins\org.junit_4.13.0.v20200204-1500.jar;C:\Users\AMROO\.p2\pool\plugins\org.hamcrest.core_1.3.0.v20180420-1519.jar;C:\Users\AMROO\.m2\repository\org\hibernate\hibernate-core\5.2.12.Final\hibernate-core-5.2.12.Final.jar;C:\Users\AMROO\.m2\repository\org\jboss\logging\jboss-logging\3.3.0.Final\jboss-logging-3.3.0.Final.jar;C:\Users\AMROO\.m2\repository\org\hibernate\javax\persistence\hibernate-jpa-2.1-api\1.0.0.Final\hibernate-jpa-2.1-api-1.0.0.Final.jar;C:\Users\AMROO\.m2\repository\org\javassist\javassist\3.20.0-GA\javassist-3.20.0-GA.jar;C:\Users\AMROO\.m2\repository\antlr\antlr\2.7.7\antlr-2.7.7.jar;C:\Users\AMROO\.m2\repository\org\jboss\spec\javax\transaction\jboss-transaction-api_1.2_spec\1.0.1.Final\jboss-transaction-api_1.2_spec-1.0.1.Final.jar;C:\Users\AMROO\.m2\repository\org\jboss\jandex\2.0.3.Final\jandex-2.0.3.Final.jar;C:\Users\AMROO\.m2\repository\com\fasterxml\classmate\1
Launcher Type: SUN_STANDARD

Environment Variables:
JAVA_HOME=E:\Program files\Java\jdk1.8.0_251
JRE_HOME=E:\Program files\Java\jdk1.8.0_251\jre
CLASSPATH=C:\Program Files\apache-tomcat-9.0.16-windows-x64\apache-tomcat-9.0.16\lib\servlet-api.jar;E:\Program files\Java\jdk1.8.0_251\bin;E:\Program files\Java\jdk1.8.0_251\jre;
PATH=E:/Program Files/Java/jdk1.8.0_251/bin/../jre/bin/server;E:/Program Files/Java/jdk1.8.0_251/bin/../jre/bin;E:/Program Files/Java/jdk1.8.0_251/bin/../jre/lib/amd64;C:\Windows\system32;C:\Windows;C:\Windows\System32\Wbem;C:\Windows\System32\WindowsPowerShell\v1.0\;C:\Windows\system32\config\systemprofile\.dnx\bin;C:\Program Files\Microsoft DNX\Dnvm\;C:\Program Files\Microsoft SQL Server\120\Tools\Binn\;C:\Program Files\Microsoft SQL Server\130\Tools\Binn\;C:\Program Files (x86)\Windows Kits\8.1\Windows Performance Toolkit\;C:\Program Files\Intel\WiFi\bin\;C:\Program Files\Common Files\Intel\WirelessCommon\;E:\Program Files (x86)\Brackets\command;C:\Program Files\MySQL\MySQL Utilities 1.6\;C:\cygwin64\bin;C:\cygwin64\;E:\PROGRAM\SDK\apache-maven-3.6.3\bin;E:\PROGRAM\SDK\apache-ant-1.9.15\bin;E:\Program Files\Git\cmd;E:\xampp\mysql\bin;C:\Program Files\Intel\WiFi\bin\;C:\Program Files\Common Files\Intel\WirelessCommon\;E:\Program files\Java\jdk1.8.0_251\bin ; E:\xampp\mysql\bin;C:\Users\AMROO\Desktop;
USERNAME=AMROO
OS=Windows_NT
PROCESSOR_IDENTIFIER=Intel64 Family 6 Model 42 Stepping 7, GenuineIntel



---------------  S Y S T E M  ---------------

OS: Windows 7 , 64 bit Build 7601 (6.1.7601.18015)

CPU:total 4 (initial active 4) (2 cores per cpu, 2 threads per core) family 6 model 42 stepping 7, cmov, cx8, fxsr, mmx, sse, sse2, sse3, ssse3, sse4.1, sse4.2, popcnt, avx, aes, clmul, ht, tsc, tscinvbit

Memory: 4k page, physical 4099256k(356508k free), swap 9515292k(18312k free)

vm_info: Java HotSpot(TM) 64-Bit Server VM (25.251-b08) for windows-amd64 JRE (1.8.0_251-b08), built on Mar 12 2020 06:31:49 by "" with MS VC++ 10.0 (VS2010)

time: Thu Sep 03 17:10:43 2020
timezone: Egypt Daylight Time
elapsed time: 5 seconds (0d 0h 0m 5s)

